<?xml version="1.0" encoding="UTF-8"?>
<testng-results skipped="0" failed="0" ignored="0" total="2" passed="2">
  <reporter-output>
  </reporter-output>
  <suite name="Command line suite" duration-ms="135306" started-at="2021-03-04T01:06:17Z" finished-at="2021-03-04T01:08:32Z">
    <groups>
    </groups>
    <test name="Command line test" duration-ms="135306" started-at="2021-03-04T01:06:17Z" finished-at="2021-03-04T01:08:32Z">
      <class name="com.saucelabs.example.CarLoanTest">
        <test-method status="PASS" signature="calculateCarLoan(java.lang.String, java.lang.String, java.lang.String, java.lang.reflect.Method)[pri:0, instance:com.saucelabs.example.CarLoanTest@6767c1fc]" name="calculateCarLoan" duration-ms="134006" started-at="2021-03-03T18:06:17Z" data-provider="hardCodedDevices" finished-at="2021-03-03T18:08:31Z">
          <params>
            <param index="0">
              <value>
                <![CDATA[iOS]]>
              </value>
            </param>
            <param index="1">
              <value>
                <![CDATA[iPhone_XR_POC178]]>
              </value>
            </param>
            <param index="2">
              <value>
                <![CDATA[12.3.1]]>
              </value>
            </param>
            <param index="3">
              <value>
                <![CDATA[public void com.saucelabs.example.CarLoanTest.calculateCarLoan(java.lang.String,java.lang.String,java.lang.String,java.lang.reflect.Method) throws java.net.MalformedURLException]]>
              </value>
            </param>
          </params>
          <reporter-output>
          </reporter-output>
        </test-method> <!-- calculateCarLoan -->
        <test-method status="PASS" signature="calculateCarLoan(java.lang.String, java.lang.String, java.lang.String, java.lang.reflect.Method)[pri:0, instance:com.saucelabs.example.CarLoanTest@6767c1fc]" name="calculateCarLoan" duration-ms="64105" started-at="2021-03-03T18:06:17Z" data-provider="hardCodedDevices" finished-at="2021-03-03T18:07:21Z">
          <params>
            <param index="0">
              <value>
                <![CDATA[iOS]]>
              </value>
            </param>
            <param index="1">
              <value>
                <![CDATA[iPad Air]]>
              </value>
            </param>
            <param index="2">
              <value>
                <![CDATA[12.4.8]]>
              </value>
            </param>
            <param index="3">
              <value>
                <![CDATA[public void com.saucelabs.example.CarLoanTest.calculateCarLoan(java.lang.String,java.lang.String,java.lang.String,java.lang.reflect.Method) throws java.net.MalformedURLException]]>
              </value>
            </param>
          </params>
          <reporter-output>
          </reporter-output>
        </test-method> <!-- calculateCarLoan -->
        <test-method status="PASS" signature="tearDown(org.testng.ITestResult)[pri:0, instance:com.saucelabs.example.CarLoanTest@6767c1fc]" name="tearDown" is-config="true" duration-ms="2404" started-at="2021-03-03T18:07:21Z" finished-at="2021-03-03T18:07:23Z">
          <params>
            <param index="0">
              <value>
                <![CDATA[[TestResult name=calculateCarLoan status=SUCCESS method=CarLoanTest.calculateCarLoan(java.lang.String, java.lang.String, java.lang.String, java.lang.reflect.Method)[pri:0, instance:com.saucelabs.example.CarLoanTest@6767c1fc] output={null}]]]>
              </value>
            </param>
          </params>
          <reporter-output>
          </reporter-output>
        </test-method> <!-- tearDown -->
        <test-method status="PASS" signature="tearDown(org.testng.ITestResult)[pri:0, instance:com.saucelabs.example.CarLoanTest@6767c1fc]" name="tearDown" is-config="true" duration-ms="1269" started-at="2021-03-03T18:08:31Z" finished-at="2021-03-03T18:08:32Z">
          <params>
            <param index="0">
              <value>
                <![CDATA[[TestResult name=calculateCarLoan status=SUCCESS method=CarLoanTest.calculateCarLoan(java.lang.String, java.lang.String, java.lang.String, java.lang.reflect.Method)[pri:0, instance:com.saucelabs.example.CarLoanTest@6767c1fc] output={null}]]]>
              </value>
            </param>
          </params>
          <reporter-output>
          </reporter-output>
        </test-method> <!-- tearDown -->
      </class> <!-- com.saucelabs.example.CarLoanTest -->
    </test> <!-- Command line test -->
  </suite> <!-- Command line suite -->
</testng-results>
